2024-06-28 00:44:06.541 [info] Experiment 'pythonCreateEnvOnPipInstall' is active
2024-06-28 00:44:06.541 [info] Experiment 'pythonRecommendTensorboardExt' is active
2024-06-28 00:44:06.541 [info] Experiment 'pythonSurveyNotificationcf' is active
2024-06-28 00:44:06.541 [info] Experiment 'pythonTerminalEnvVarActivation' is active
2024-06-28 00:44:06.541 [info] Experiment 'pythonTestAdapter' is active
2024-06-28 00:44:06.571 [info] Default formatter is set to null for workspace /root
2024-06-28 00:44:06.577 [info] Starting Environment refresh
2024-06-28 00:44:06.577 [info] Starting Environment refresh
2024-06-28 00:44:06.588 [info] > hatch env show --json
2024-06-28 00:44:06.588 [info] cwd: .
2024-06-28 00:44:06.597 [info] Environments refresh finished (event): 21 milliseconds
2024-06-28 00:44:06.597 [info] Environments refresh paths discovered: 21 milliseconds
2024-06-28 00:44:06.598 [info] Environment refresh took 22 milliseconds
2024-06-28 00:44:06.598 [info] Environments refresh finished (event): 21 milliseconds
2024-06-28 00:44:06.598 [info] Environments refresh paths discovered: 21 milliseconds
2024-06-28 00:44:06.599 [info] Environment refresh took 22 milliseconds
2024-06-28 00:44:06.602 [info] > pyenv which python
2024-06-28 00:44:06.602 [info] cwd: .
2024-06-28 00:44:06.610 [info] > python -c "import sys;print(sys.executable)"
2024-06-28 00:44:06.668 [info] > conda info --json
2024-06-28 00:44:07.992 [info] > /opt/conda/bin/python -I ./.vscode-server/extensions/ms-python.python-2024.8.1/python_files/get_output_via_markers.py ./.vscode-server/extensions/ms-python.python-2024.8.1/python_files/interpreterInfo.py
2024-06-28 00:44:08.025 [info] Python interpreter path: /opt/conda/bin/python
2024-06-28 00:44:08.029 [info] > conda info --json
2024-06-28 00:44:08.029 [info] shell: bash
2024-06-28 00:44:08.032 [info] > pyenv which python
2024-06-28 00:44:08.032 [info] cwd: .
2024-06-28 00:44:08.525 [error] [
  `Failed to start language server, Class name = h, completed in 498ms, has a falsy return value, Arg 1: <Uri:/root>, Arg 2: {"id":"/opt/conda/bin/python","sysPrefix":"/opt/conda","envType":"Conda","envName":"base","envPath":"/opt/conda","path":"/opt/conda/bin/python","architecture":3,"sysVersion":"3.10.9 (main, Mar  8 2023, 10:47:38) [GCC 11.2.0]","version":{"raw":"3.10.9","major":3,"minor":10,"patch":9,"build":[],"prerelease":["final","0"]},"companyDisplayName":"Anaconda, Inc.","displayName":"Python 3.10.9 ('base')","detailedDisplayName":"Python 3.10.9 ('base': conda)","type":"Conda"}, Arg 3: {"documentSelector":[{"scheme":"file","language":"python"},{"scheme":"untitled","language":"python"},{"scheme":"vscode-notebook","language":"python"},{"scheme":"vscode-notebook-cell","language":"python"},{"scheme":"vscode-interactive-input","language":"python"}],"synchronize":{"configurationSection":["python","jupyter.runStartupCommands"]},"outputChannel":{"name":"Python Language Server","logLevel":3},"revealOutputChannelOn":4,"initializationOptions":{"experimentationSupport":true,"trustedWorkspaceSupport":true},"middleware":{"serviceContainer":{"container":{"options":{"autoBindInjectable":false,"defaultScope":"Transient","skipBaseClassChecks":true},"id":0,"_bindingDictionary":{"_map":{}},"_snapshots":[],"_middleware":null,"parent":null,"_metadataReader":{}}},"serverVersion":"2024.6.1","lastCaptured":{},"nextWindow":0,"eventCount":0,"workspace":{},"connectedPromise":{"scope":null,"_resolved":false,"_rejected":false,"_promise":{}},"notebooks":{},"eventName":"LANGUAGE_SERVER.REQUEST"},"connectionOptions":{"cancellationStrategy":{"_sender":{"folderName":"9f4c9bda125520bbee5d7f26a220c2858ee34de8c0"}}}}, Return Value: undefined`,
  [s [Error]: Request initialize failed with message: You may install and use any number of copies of the software only with Microsoft Visual Studio, Visual Studio for Mac, Visual Studio Code, Azure DevOps, Team Foundation Server, and successor Microsoft products and services (collectively, the “Visual Studio Products and Services”) to develop and test your applications. The software is licensed, not sold. This agreement only gives you some rights to use the software. Microsoft reserves all other rights. You may not: work around any technical limitations in the software that only allow you to use it in certain ways; reverse engineer, decompile or disassemble the software, or otherwise attempt to derive the source code for the software, except and to the extent required by third party licensing terms governing use of certain open source components that may be included in the software; remove, minimize, block, or modify any notices of Microsoft or its suppliers in the software; use the software in any way that is against the law or to create or propagate malware; or share, publish, distribute, or lease the software (except for any distributable code, subject to the terms above), provide the software as a stand-alone offering for others to use, or transfer the software or this agreement to any third party.
  
  
  	at ae (/root/.vscode-server/extensions/ms-python.python-2024.8.1/out/client/extension.js:2:2330334)
  	at oe (/root/.vscode-server/extensions/ms-python.python-2024.8.1/out/client/extension.js:2:2328294)
  	at Immediate.<anonymous> (/root/.vscode-server/extensions/ms-python.python-2024.8.1/out/client/extension.js:2:2324588)
  	at process.processImmediate (node:internal/timers:478:21)] {
    code: -32603,
    data: undefined
  }
]
2024-06-28 00:44:08.525 [error] [
  'Starting language server, Class name = d, completed in 500ms, has a falsy return value, , Return Value: undefined',
  [s [Error]: Request initialize failed with message: You may install and use any number of copies of the software only with Microsoft Visual Studio, Visual Studio for Mac, Visual Studio Code, Azure DevOps, Team Foundation Server, and successor Microsoft products and services (collectively, the “Visual Studio Products and Services”) to develop and test your applications. The software is licensed, not sold. This agreement only gives you some rights to use the software. Microsoft reserves all other rights. You may not: work around any technical limitations in the software that only allow you to use it in certain ways; reverse engineer, decompile or disassemble the software, or otherwise attempt to derive the source code for the software, except and to the extent required by third party licensing terms governing use of certain open source components that may be included in the software; remove, minimize, block, or modify any notices of Microsoft or its suppliers in the software; use the software in any way that is against the law or to create or propagate malware; or share, publish, distribute, or lease the software (except for any distributable code, subject to the terms above), provide the software as a stand-alone offering for others to use, or transfer the software or this agreement to any third party.
  
  
  	at ae (/root/.vscode-server/extensions/ms-python.python-2024.8.1/out/client/extension.js:2:2330334)
  	at oe (/root/.vscode-server/extensions/ms-python.python-2024.8.1/out/client/extension.js:2:2328294)
  	at Immediate.<anonymous> (/root/.vscode-server/extensions/ms-python.python-2024.8.1/out/client/extension.js:2:2324588)
  	at process.processImmediate (node:internal/timers:478:21)] {
    code: -32603,
    data: undefined
  }
]
2024-06-28 00:44:08.526 [error] [
  `Failed to start language server, Class name = d, completed in 502ms, has a falsy return value, Arg 1: <Uri:/root>, Arg 2: {"id":"/opt/conda/bin/python","sysPrefix":"/opt/conda","envType":"Conda","envName":"base","envPath":"/opt/conda","path":"/opt/conda/bin/python","architecture":3,"sysVersion":"3.10.9 (main, Mar  8 2023, 10:47:38) [GCC 11.2.0]","version":{"raw":"3.10.9","major":3,"minor":10,"patch":9,"build":[],"prerelease":["final","0"]},"companyDisplayName":"Anaconda, Inc.","displayName":"Python 3.10.9 ('base')","detailedDisplayName":"Python 3.10.9 ('base': conda)","type":"Conda"}, Return Value: undefined`,
  [s [Error]: Request initialize failed with message: You may install and use any number of copies of the software only with Microsoft Visual Studio, Visual Studio for Mac, Visual Studio Code, Azure DevOps, Team Foundation Server, and successor Microsoft products and services (collectively, the “Visual Studio Products and Services”) to develop and test your applications. The software is licensed, not sold. This agreement only gives you some rights to use the software. Microsoft reserves all other rights. You may not: work around any technical limitations in the software that only allow you to use it in certain ways; reverse engineer, decompile or disassemble the software, or otherwise attempt to derive the source code for the software, except and to the extent required by third party licensing terms governing use of certain open source components that may be included in the software; remove, minimize, block, or modify any notices of Microsoft or its suppliers in the software; use the software in any way that is against the law or to create or propagate malware; or share, publish, distribute, or lease the software (except for any distributable code, subject to the terms above), provide the software as a stand-alone offering for others to use, or transfer the software or this agreement to any third party.
  
  
  	at ae (/root/.vscode-server/extensions/ms-python.python-2024.8.1/out/client/extension.js:2:2330334)
  	at oe (/root/.vscode-server/extensions/ms-python.python-2024.8.1/out/client/extension.js:2:2328294)
  	at Immediate.<anonymous> (/root/.vscode-server/extensions/ms-python.python-2024.8.1/out/client/extension.js:2:2324588)
  	at process.processImmediate (node:internal/timers:478:21)] {
    code: -32603,
    data: undefined
  }
]
2024-06-28 00:44:08.526 [error] [
  'Failed to activate a workspace, Class name = g, completed in 1951ms, has a falsy return value, Arg 1: <Uri:/root/src/cameraCalibration.py>, Arg 2: {"started":1719535446474}, Return Value: undefined',
  [s [Error]: Request initialize failed with message: You may install and use any number of copies of the software only with Microsoft Visual Studio, Visual Studio for Mac, Visual Studio Code, Azure DevOps, Team Foundation Server, and successor Microsoft products and services (collectively, the “Visual Studio Products and Services”) to develop and test your applications. The software is licensed, not sold. This agreement only gives you some rights to use the software. Microsoft reserves all other rights. You may not: work around any technical limitations in the software that only allow you to use it in certain ways; reverse engineer, decompile or disassemble the software, or otherwise attempt to derive the source code for the software, except and to the extent required by third party licensing terms governing use of certain open source components that may be included in the software; remove, minimize, block, or modify any notices of Microsoft or its suppliers in the software; use the software in any way that is against the law or to create or propagate malware; or share, publish, distribute, or lease the software (except for any distributable code, subject to the terms above), provide the software as a stand-alone offering for others to use, or transfer the software or this agreement to any third party.
  
  
  	at ae (/root/.vscode-server/extensions/ms-python.python-2024.8.1/out/client/extension.js:2:2330334)
  	at oe (/root/.vscode-server/extensions/ms-python.python-2024.8.1/out/client/extension.js:2:2328294)
  	at Immediate.<anonymous> (/root/.vscode-server/extensions/ms-python.python-2024.8.1/out/client/extension.js:2:2324588)
  	at process.processImmediate (node:internal/timers:478:21)] {
    code: -32603,
    data: undefined
  }
]
2024-06-28 00:44:08.527 [error] Failure during activation. [s [Error]: Request initialize failed with message: You may install and use any number of copies of the software only with Microsoft Visual Studio, Visual Studio for Mac, Visual Studio Code, Azure DevOps, Team Foundation Server, and successor Microsoft products and services (collectively, the “Visual Studio Products and Services”) to develop and test your applications. The software is licensed, not sold. This agreement only gives you some rights to use the software. Microsoft reserves all other rights. You may not: work around any technical limitations in the software that only allow you to use it in certain ways; reverse engineer, decompile or disassemble the software, or otherwise attempt to derive the source code for the software, except and to the extent required by third party licensing terms governing use of certain open source components that may be included in the software; remove, minimize, block, or modify any notices of Microsoft or its suppliers in the software; use the software in any way that is against the law or to create or propagate malware; or share, publish, distribute, or lease the software (except for any distributable code, subject to the terms above), provide the software as a stand-alone offering for others to use, or transfer the software or this agreement to any third party.


	at ae (/root/.vscode-server/extensions/ms-python.python-2024.8.1/out/client/extension.js:2:2330334)
	at oe (/root/.vscode-server/extensions/ms-python.python-2024.8.1/out/client/extension.js:2:2328294)
	at Immediate.<anonymous> (/root/.vscode-server/extensions/ms-python.python-2024.8.1/out/client/extension.js:2:2324588)
	at process.processImmediate (node:internal/timers:478:21)] {
  code: -32603,
  data: undefined
}
2024-06-28 00:44:08.527 [error] sendStartupTelemetry() failed. [s [Error]: Request initialize failed with message: You may install and use any number of copies of the software only with Microsoft Visual Studio, Visual Studio for Mac, Visual Studio Code, Azure DevOps, Team Foundation Server, and successor Microsoft products and services (collectively, the “Visual Studio Products and Services”) to develop and test your applications. The software is licensed, not sold. This agreement only gives you some rights to use the software. Microsoft reserves all other rights. You may not: work around any technical limitations in the software that only allow you to use it in certain ways; reverse engineer, decompile or disassemble the software, or otherwise attempt to derive the source code for the software, except and to the extent required by third party licensing terms governing use of certain open source components that may be included in the software; remove, minimize, block, or modify any notices of Microsoft or its suppliers in the software; use the software in any way that is against the law or to create or propagate malware; or share, publish, distribute, or lease the software (except for any distributable code, subject to the terms above), provide the software as a stand-alone offering for others to use, or transfer the software or this agreement to any third party.


	at ae (/root/.vscode-server/extensions/ms-python.python-2024.8.1/out/client/extension.js:2:2330334)
	at oe (/root/.vscode-server/extensions/ms-python.python-2024.8.1/out/client/extension.js:2:2328294)
	at Immediate.<anonymous> (/root/.vscode-server/extensions/ms-python.python-2024.8.1/out/client/extension.js:2:2324588)
	at process.processImmediate (node:internal/timers:478:21)] {
  code: -32603,
  data: undefined
}
2024-06-28 00:44:08.935 [info] > conda run -n base --no-capture-output python ./.vscode-server/extensions/ms-python.python-2024.8.1/python_files/get_output_via_markers.py ./.vscode-server/extensions/ms-python.python-2024.8.1/python_files/printEnvVariables.py
2024-06-28 00:44:08.935 [info] shell: bash
2024-06-28 00:44:10.122 [info] > python ./.vscode-server/extensions/ms-python.python-2024.8.1/python_files/printEnvVariables.py
2024-06-28 00:44:10.122 [info] shell: bash
2024-06-28 00:44:10.152 [info] Setting environment variable CONDA_SHLVL in collection to 1 {"applyAtShellIntegration":true,"applyAtProcessCreation":true}
2024-06-28 00:44:10.152 [info] Setting environment variable CONDA_EXE in collection to /opt/conda/bin/conda {"applyAtShellIntegration":true,"applyAtProcessCreation":true}
2024-06-28 00:44:10.152 [info] Setting environment variable CONDA_PREFIX in collection to /opt/conda {"applyAtShellIntegration":true,"applyAtProcessCreation":true}
2024-06-28 00:44:10.152 [info] Setting environment variable _CE_M in collection to  {"applyAtShellIntegration":true,"applyAtProcessCreation":true}
2024-06-28 00:44:10.152 [info] Setting environment variable CONDA_PYTHON_EXE in collection to /opt/conda/bin/python {"applyAtShellIntegration":true,"applyAtProcessCreation":true}
2024-06-28 00:44:10.152 [info] Setting environment variable _CE_CONDA in collection to  {"applyAtShellIntegration":true,"applyAtProcessCreation":true}
2024-06-28 00:44:10.152 [info] Setting environment variable CONDA_PROMPT_MODIFIER in collection to (base)  {"applyAtShellIntegration":true,"applyAtProcessCreation":true}
2024-06-28 00:44:10.152 [info] Setting environment variable CONDA_ROOT in collection to /opt/conda {"applyAtShellIntegration":true,"applyAtProcessCreation":true}
2024-06-28 00:44:10.152 [info] Prepending environment variable PATH in collection with /opt/conda/bin:/opt/conda/condabin: {"applyAtShellIntegration":true,"applyAtProcessCreation":true}
2024-06-28 00:44:10.152 [info] Setting environment variable CONDA_DEFAULT_ENV in collection to base {"applyAtShellIntegration":true,"applyAtProcessCreation":true}
2024-06-28 00:44:10.154 [info] Send text to terminal: python /root/.vscode-server/extensions/ms-python.python-2024.8.1/python_files/printEnvVariablesToFile.py /root/.vscode-server/extensions/ms-python.python-2024.8.1/python_files/deactivate/bash/envVars.txt
