2024-06-28 00:42:34.333 [info] Log level: Info
2024-06-28 00:42:34.333 [info] Validating found git in: "git"
2024-06-28 00:42:34.333 [info] Using git "2.17.1" from "git"
2024-06-28 00:42:34.333 [info] > git rev-parse --show-toplevel [7ms]
2024-06-28 00:42:34.333 [info] fatal: detected dubious ownership in repository at '/root'
To add an exception for this directory, call:

	git config --global --add safe.directory /root
2024-06-28 00:42:34.333 [info] > git rev-parse --show-toplevel [1ms]
2024-06-28 00:42:34.333 [info] fatal: detected dubious ownership in repository at '/root'
To add an exception for this directory, call:

	git config --global --add safe.directory /root
2024-06-28 00:42:34.338 [info] > git rev-parse --show-toplevel [2ms]
2024-06-28 00:42:34.338 [info] fatal: detected dubious ownership in repository at '/root'
To add an exception for this directory, call:

	git config --global --add safe.directory /root
2024-06-28 00:42:34.342 [info] > git rev-parse --show-toplevel [1ms]
2024-06-28 00:42:34.342 [info] fatal: detected dubious ownership in repository at '/root'
To add an exception for this directory, call:

	git config --global --add safe.directory /root
2024-06-28 00:42:34.372 [info] > git rev-parse --show-toplevel [4ms]
2024-06-28 00:42:34.372 [info] fatal: detected dubious ownership in repository at '/root'
To add an exception for this directory, call:

	git config --global --add safe.directory /root
2024-06-28 00:42:34.378 [info] > git rev-parse --show-toplevel [1ms]
2024-06-28 00:42:34.378 [info] fatal: detected dubious ownership in repository at '/root'
To add an exception for this directory, call:

	git config --global --add safe.directory /root
2024-06-28 00:42:43.275 [info] > git rev-parse --show-toplevel [2ms]
2024-06-28 00:42:43.275 [info] fatal: detected dubious ownership in repository at '/root'
To add an exception for this directory, call:

	git config --global --add safe.directory /root
2024-06-28 00:42:57.973 [info] > git rev-parse --show-toplevel [1ms]
2024-06-28 00:42:57.973 [info] fatal: detected dubious ownership in repository at '/root'
To add an exception for this directory, call:

	git config --global --add safe.directory /root
2024-06-28 00:43:56.836 [info] > git rev-parse --show-toplevel [1ms]
2024-06-28 00:43:56.836 [info] fatal: detected dubious ownership in repository at '/root'
To add an exception for this directory, call:

	git config --global --add safe.directory /root
2024-06-28 00:43:59.005 [info] > git rev-parse --show-toplevel [2ms]
2024-06-28 00:43:59.005 [info] fatal: detected dubious ownership in repository at '/root'
To add an exception for this directory, call:

	git config --global --add safe.directory /root
2024-06-28 00:44:01.412 [info] > git rev-parse --show-toplevel [2ms]
2024-06-28 00:44:01.412 [info] fatal: detected dubious ownership in repository at '/root'
To add an exception for this directory, call:

	git config --global --add safe.directory /root
2024-06-28 00:44:04.849 [info] > git rev-parse --show-toplevel [4ms]
2024-06-28 00:44:04.849 [info] fatal: detected dubious ownership in repository at '/root'
To add an exception for this directory, call:

	git config --global --add safe.directory /root
2024-06-28 00:44:06.075 [info] > git rev-parse --show-toplevel [1ms]
2024-06-28 00:44:06.075 [info] fatal: detected dubious ownership in repository at '/root'
To add an exception for this directory, call:

	git config --global --add safe.directory /root
2024-06-28 00:45:34.382 [info] > git rev-parse --show-toplevel [4ms]
2024-06-28 00:45:34.382 [info] fatal: detected dubious ownership in repository at '/root'
To add an exception for this directory, call:

	git config --global --add safe.directory /root
