2024-06-28 00:42:33.732 [info] Extension host with pid 2777 started
2024-06-28 00:42:33.740 [info] Lock '/root/.vscode-server/data/User/workspaceStorage/80a4ea6e1d0ec4eb4af7e23bf2ad89e9/vscode.lock': Lock acquired.
2024-06-28 00:42:33.826 [info] ExtensionService#_doActivateExtension vscode.git-base, startup: true, activationEvent: '*', root cause: vscode.git
2024-06-28 00:42:33.928 [info] ExtensionService#_doActivateExtension vscode.git, startup: true, activationEvent: '*'
2024-06-28 00:42:33.929 [info] ExtensionService#_doActivateExtension vscode.github, startup: true, activationEvent: '*'
2024-06-28 00:42:34.279 [info] Eager extensions activated
2024-06-28 00:42:34.280 [info] ExtensionService#_doActivateExtension vscode.debug-auto-launch, startup: false, activationEvent: 'onStartupFinished'
2024-06-28 00:42:34.280 [info] ExtensionService#_doActivateExtension vscode.merge-conflict, startup: false, activationEvent: 'onStartupFinished'
2024-06-28 00:42:43.259 [info] ExtensionService#_doActivateExtension vscode.emmet, startup: false, activationEvent: 'onLanguage'
2024-06-28 00:44:06.249 [info] ExtensionService#_doActivateExtension ms-python.python, startup: false, activationEvent: 'onLanguage:python'
2024-06-28 00:44:09.528 [error] Error: Client is not running and can't be stopped. It's current state is: starting
	at _.shutdown (/root/.vscode-server/extensions/ms-python.python-2024.8.1/out/client/extension.js:2:2386540)
	at _.stop (/root/.vscode-server/extensions/ms-python.python-2024.8.1/out/client/extension.js:2:2386121)
	at _.stop (/root/.vscode-server/extensions/ms-python.python-2024.8.1/out/client/extension.js:2:2555160)
	at _.doInitialize (/root/.vscode-server/extensions/ms-python.python-2024.8.1/out/client/extension.js:2:2385940)
	at async _.start (/root/.vscode-server/extensions/ms-python.python-2024.8.1/out/client/extension.js:2:2382506)
	at async h.start (/root/.vscode-server/extensions/ms-python.python-2024.8.1/out/client/extension.js:2:36156)
2024-06-28 00:44:09.530 [error] Error: Request initialize failed with message: You may install and use any number of copies of the software only with Microsoft Visual Studio, Visual Studio for Mac, Visual Studio Code, Azure DevOps, Team Foundation Server, and successor Microsoft products and services (collectively, the “Visual Studio Products and Services”) to develop and test your applications. The software is licensed, not sold. This agreement only gives you some rights to use the software. Microsoft reserves all other rights. You may not: work around any technical limitations in the software that only allow you to use it in certain ways; reverse engineer, decompile or disassemble the software, or otherwise attempt to derive the source code for the software, except and to the extent required by third party licensing terms governing use of certain open source components that may be included in the software; remove, minimize, block, or modify any notices of Microsoft or its suppliers in the software; use the software in any way that is against the law or to create or propagate malware; or share, publish, distribute, or lease the software (except for any distributable code, subject to the terms above), provide the software as a stand-alone offering for others to use, or transfer the software or this agreement to any third party.


	at ae (/root/.vscode-server/extensions/ms-python.python-2024.8.1/out/client/extension.js:2:2330334)
	at oe (/root/.vscode-server/extensions/ms-python.python-2024.8.1/out/client/extension.js:2:2328294)
	at Immediate.<anonymous> (/root/.vscode-server/extensions/ms-python.python-2024.8.1/out/client/extension.js:2:2324588)
	at process.processImmediate (node:internal/timers:478:21)
